case=empty-input-terminal-route
path=/result
status=200
body_contains_all=True
contains_emergency_department=False
---
case=invalid-structured-and-modifiers-terminal-route
path=/result
status=200
body_contains_all=True
contains_emergency_department=False
---
case=unrecognized-free-text-screen-route
path=/screen
status=200
body_contains_all=True
contains_emergency_department=False
---
case=negated-red-flag-two-step-flow
step1.path=/screen
step1.status=200
step1.contains_confirm_heading=True
step2.path=/result
step2.status=200
step2.body_contains_all=True
step2.contains_emergency_department=False
---
